Using pre-set license
Built from '2021.1/staging' branch; Version is '2021.1.6f1 (c0fade0cc7e9) revision 12647134'; Using compiler version '192528614'; Build Type 'Release'
OS: 'Windows 10 Home; OS build 19042.1083; Version 2009; 64bit' Language: 'ru' Physical Memory: 6021 MB
BatchMode: 1, IsHumanControllingUs: 0, StartBugReporterOnCrash: 0, Is64bit: 1, IsPro: 0

 COMMAND LINE ARGUMENTS:
C:\Program Files\Unity\Hub\Editor\2021.1.6f1\Editor\Unity.exe
-adb2
-batchMode
-noUpm
-name
AssetImportWorker0
-projectPath
C:/games/Game
-logFile
Logs/AssetImportWorker0.log
-srvPort
64288
Successfully changed project path to: C:/games/Game
C:/games/Game
Using Asset Import Pipeline V2.
Refreshing native plugins compatible for Editor in 112.88 ms, found 2 plugins.
Preloading 0 native plugins for Editor in 0.00 ms.
Initialize engine version: 2021.1.6f1 (c0fade0cc7e9)
[Subsystems] Discovering subsystems at path C:/Program Files/Unity/Hub/Editor/2021.1.6f1/Editor/Data/Resources/UnitySubsystems
[Subsystems] Discovering subsystems at path C:/games/Game/Assets
GfxDevice: creating device client; threaded=0; jobified=0
Direct3D:
    Version:  Direct3D 11.0 [level 11.1]
    Renderer: NVIDIA GeForce GTX 1050 (ID=0x1c91)
    Vendor:   NVIDIA
    VRAM:     2996 MB
    Driver:   27.21.14.5763
Initialize mono
Mono path[0] = 'C:/Program Files/Unity/Hub/Editor/2021.1.6f1/Editor/Data/Managed'
Mono path[1] = 'C:/Program Files/Unity/Hub/Editor/2021.1.6f1/Editor/Data/MonoBleedingEdge/lib/mono/unityjit'
Mono config path = 'C:/Program Files/Unity/Hub/Editor/2021.1.6f1/Editor/Data/MonoBleedingEdge/etc'
Using monoOptions --debugger-agent=transport=dt_socket,embedding=1,server=y,suspend=n,address=127.0.0.1:56680
Begin MonoManager ReloadAssembly
Registering precompiled unity dll's ...
Register platform support module: C:/Program Files/Unity/Hub/Editor/2021.1.6f1/Editor/Data/PlaybackEngines/WindowsStandaloneSupport/UnityEditor.WindowsStandalone.Extensions.dll
Registered in 0.006545 seconds.
Native extension for WindowsStandalone target not found
Refreshing native plugins compatible for Editor in 117.87 ms, found 2 plugins.
Preloading 0 native plugins for Editor in 0.00 ms.
Mono: successfully reloaded assembly
- Completed reload, in  5.019 seconds
Platform modules already initialized, skipping
Registering precompiled user dll's ...
Registered in 0.007191 seconds.
Begin MonoManager ReloadAssembly
Native extension for WindowsStandalone target not found
Refreshing native plugins compatible for Editor in 120.09 ms, found 2 plugins.
Preloading 0 native plugins for Editor in 0.00 ms.
Mono: successfully reloaded assembly
- Completed reload, in  1.655 seconds
Platform modules already initialized, skipping
========================================================================
Worker process is ready to serve import requests
Launched and connected shader compiler UnityShaderCompiler.exe after 0.10 seconds
Refreshing native plugins compatible for Editor in 0.80 ms, found 2 plugins.
Preloading 0 native plugins for Editor in 0.00 ms.
Unloading 3380 Unused Serialized files (Serialized files now loaded: 0)
System memory in use before: 128.2 MB.
System memory in use after: 128.2 MB.

Unloading 29 unused Assets to reduce memory usage. Loaded Objects now: 3834.
Total: 4.057200 ms (FindLiveObjects: 0.405700 ms CreateObjectMapping: 0.141500 ms MarkObjects: 3.336200 ms  DeleteObjects: 0.171600 ms)

========================================================================
Received Import Request.
  path: Assets/Sprites/Selectedskin.prefab
  artifactKey: Guid(267c844441b5ef041b4052aa6bb29b82) Importer(815301076,1909f56bfc062723c751e8b465ee728b)
Start importing Assets/Sprites/Selectedskin.prefab using Guid(267c844441b5ef041b4052aa6bb29b82) Importer(815301076,1909f56bfc062723c751e8b465ee728b)  -> (artifact id: '86cb399095647d1ee01aabbb0266f66e') in 0.180076 seconds 
========================================================================
Received Prepare
Registering precompiled user dll's ...
Registered in 0.006672 seconds.
Begin MonoManager ReloadAssembly
Native extension for WindowsStandalone target not found
Refreshing native plugins compatible for Editor in 1.44 ms, found 2 plugins.
Preloading 0 native plugins for Editor in 0.00 ms.
Mono: successfully reloaded assembly
- Completed reload, in  1.479 seconds
Platform modules already initialized, skipping
Refreshing native plugins compatible for Editor in 0.79 ms, found 2 plugins.
Preloading 0 native plugins for Editor in 0.00 ms.
Unloading 3375 Unused Serialized files (Serialized files now loaded: 0)
System memory in use before: 131.8 MB.
System memory in use after: 131.9 MB.

Unloading 17 unused Assets to reduce memory usage. Loaded Objects now: 3845.
Total: 3.487300 ms (FindLiveObjects: 0.382200 ms CreateObjectMapping: 0.123600 ms MarkObjects: 2.842300 ms  DeleteObjects: 0.137100 ms)

========================================================================
Received Import Request.
  Time since last request: 125.962659 seconds.
  path: Assets/Prefabs/Player.prefab
  artifactKey: Guid(53485cf735f108a42bcba7da2dd322e5) Importer(815301076,1909f56bfc062723c751e8b465ee728b)
Start importing Assets/Prefabs/Player.prefab using Guid(53485cf735f108a42bcba7da2dd322e5) Importer(815301076,1909f56bfc062723c751e8b465ee728b)  -> (artifact id: 'd26f903ce4d68d84550bf15e83628bfb') in 0.052960 seconds 
========================================================================
Received Prepare
Registering precompiled user dll's ...
Registered in 0.008067 seconds.
Begin MonoManager ReloadAssembly
Native extension for WindowsStandalone target not found
Refreshing native plugins compatible for Editor in 1.36 ms, found 2 plugins.
Preloading 0 native plugins for Editor in 0.00 ms.
Mono: successfully reloaded assembly
- Completed reload, in  1.584 seconds
Platform modules already initialized, skipping
Refreshing native plugins compatible for Editor in 1.00 ms, found 2 plugins.
Preloading 0 native plugins for Editor in 0.00 ms.
Unloading 3375 Unused Serialized files (Serialized files now loaded: 0)
System memory in use before: 131.8 MB.
System memory in use after: 131.9 MB.

Unloading 17 unused Assets to reduce memory usage. Loaded Objects now: 3849.
Total: 4.492300 ms (FindLiveObjects: 0.359900 ms CreateObjectMapping: 0.282400 ms MarkObjects: 3.626000 ms  DeleteObjects: 0.221500 ms)

========================================================================
Received Prepare
Registering precompiled user dll's ...
Registered in 0.007740 seconds.
Begin MonoManager ReloadAssembly
Native extension for WindowsStandalone target not found
Refreshing native plugins compatible for Editor in 0.81 ms, found 2 plugins.
Preloading 0 native plugins for Editor in 0.00 ms.
Mono: successfully reloaded assembly
- Completed reload, in  1.514 seconds
Platform modules already initialized, skipping
Refreshing native plugins compatible for Editor in 0.83 ms, found 2 plugins.
Preloading 0 native plugins for Editor in 0.00 ms.
Unloading 3375 Unused Serialized files (Serialized files now loaded: 0)
System memory in use before: 131.9 MB.
System memory in use after: 132.0 MB.

Unloading 17 unused Assets to reduce memory usage. Loaded Objects now: 3853.
Total: 5.198200 ms (FindLiveObjects: 0.543100 ms CreateObjectMapping: 0.397400 ms MarkObjects: 4.092700 ms  DeleteObjects: 0.162400 ms)

========================================================================
Received Prepare
Registering precompiled user dll's ...
Registered in 0.008547 seconds.
Begin MonoManager ReloadAssembly
Native extension for WindowsStandalone target not found
Refreshing native plugins compatible for Editor in 0.86 ms, found 2 plugins.
Preloading 0 native plugins for Editor in 0.00 ms.
Mono: successfully reloaded assembly
- Completed reload, in  1.490 seconds
Platform modules already initialized, skipping
Refreshing native plugins compatible for Editor in 0.82 ms, found 2 plugins.
Preloading 0 native plugins for Editor in 0.00 ms.
Unloading 3375 Unused Serialized files (Serialized files now loaded: 0)
System memory in use before: 131.9 MB.
System memory in use after: 132.0 MB.

Unloading 17 unused Assets to reduce memory usage. Loaded Objects now: 3857.
Total: 3.608000 ms (FindLiveObjects: 0.422500 ms CreateObjectMapping: 0.219500 ms MarkObjects: 2.822900 ms  DeleteObjects: 0.142000 ms)

========================================================================
Received Prepare
Registering precompiled user dll's ...
Registered in 0.008388 seconds.
Begin MonoManager ReloadAssembly
Native extension for WindowsStandalone target not found
Refreshing native plugins compatible for Editor in 1.85 ms, found 2 plugins.
Preloading 0 native plugins for Editor in 0.00 ms.
Mono: successfully reloaded assembly
- Completed reload, in  1.533 seconds
Platform modules already initialized, skipping
Refreshing native plugins compatible for Editor in 0.80 ms, found 2 plugins.
Preloading 0 native plugins for Editor in 0.00 ms.
Unloading 3375 Unused Serialized files (Serialized files now loaded: 0)
System memory in use before: 131.9 MB.
System memory in use after: 132.0 MB.

Unloading 17 unused Assets to reduce memory usage. Loaded Objects now: 3861.
Total: 3.483800 ms (FindLiveObjects: 0.367000 ms CreateObjectMapping: 0.106500 ms MarkObjects: 2.873200 ms  DeleteObjects: 0.135100 ms)

========================================================================
Received Prepare
Registering precompiled user dll's ...
Registered in 0.007024 seconds.
Begin MonoManager ReloadAssembly
Native extension for WindowsStandalone target not found
Refreshing native plugins compatible for Editor in 1.37 ms, found 2 plugins.
Preloading 0 native plugins for Editor in 0.00 ms.
Mono: successfully reloaded assembly
- Completed reload, in  1.493 seconds
Platform modules already initialized, skipping
Refreshing native plugins compatible for Editor in 1.02 ms, found 2 plugins.
Preloading 0 native plugins for Editor in 0.00 ms.
Unloading 3375 Unused Serialized files (Serialized files now loaded: 0)
System memory in use before: 131.9 MB.
System memory in use after: 132.0 MB.

Unloading 17 unused Assets to reduce memory usage. Loaded Objects now: 3865.
Total: 3.634200 ms (FindLiveObjects: 0.366300 ms CreateObjectMapping: 0.212300 ms MarkObjects: 2.903400 ms  DeleteObjects: 0.149100 ms)

========================================================================
Received Prepare
Registering precompiled user dll's ...
Registered in 0.006872 seconds.
Begin MonoManager ReloadAssembly
Native extension for WindowsStandalone target not found
Refreshing native plugins compatible for Editor in 1.66 ms, found 2 plugins.
Preloading 0 native plugins for Editor in 0.00 ms.
Mono: successfully reloaded assembly
- Completed reload, in  1.508 seconds
Platform modules already initialized, skipping
Refreshing native plugins compatible for Editor in 0.80 ms, found 2 plugins.
Preloading 0 native plugins for Editor in 0.00 ms.
Unloading 3375 Unused Serialized files (Serialized files now loaded: 0)
System memory in use before: 131.9 MB.
System memory in use after: 132.0 MB.

Unloading 17 unused Assets to reduce memory usage. Loaded Objects now: 3869.
Total: 3.580600 ms (FindLiveObjects: 0.370200 ms CreateObjectMapping: 0.108600 ms MarkObjects: 2.957000 ms  DeleteObjects: 0.143000 ms)

========================================================================
Received Prepare
Registering precompiled user dll's ...
Registered in 0.006902 seconds.
Begin MonoManager ReloadAssembly
Native extension for WindowsStandalone target not found
Refreshing native plugins compatible for Editor in 0.80 ms, found 2 plugins.
Preloading 0 native plugins for Editor in 0.00 ms.
Mono: successfully reloaded assembly
- Completed reload, in  1.384 seconds
Platform modules already initialized, skipping
Refreshing native plugins compatible for Editor in 0.79 ms, found 2 plugins.
Preloading 0 native plugins for Editor in 0.00 ms.
Unloading 3375 Unused Serialized files (Serialized files now loaded: 0)
System memory in use before: 132.0 MB.
System memory in use after: 132.1 MB.

Unloading 17 unused Assets to reduce memory usage. Loaded Objects now: 3873.
Total: 3.664800 ms (FindLiveObjects: 0.439900 ms CreateObjectMapping: 0.401800 ms MarkObjects: 2.676400 ms  DeleteObjects: 0.144700 ms)

========================================================================
Received Prepare
Registering precompiled user dll's ...
Registered in 0.008206 seconds.
Begin MonoManager ReloadAssembly
Native extension for WindowsStandalone target not found
Refreshing native plugins compatible for Editor in 0.85 ms, found 2 plugins.
Preloading 0 native plugins for Editor in 0.00 ms.
Mono: successfully reloaded assembly
- Completed reload, in  1.499 seconds
Platform modules already initialized, skipping
Refreshing native plugins compatible for Editor in 0.90 ms, found 2 plugins.
Preloading 0 native plugins for Editor in 0.00 ms.
Unloading 3375 Unused Serialized files (Serialized files now loaded: 0)
System memory in use before: 132.0 MB.
System memory in use after: 132.1 MB.

Unloading 17 unused Assets to reduce memory usage. Loaded Objects now: 3877.
Total: 4.412000 ms (FindLiveObjects: 0.377600 ms CreateObjectMapping: 0.123500 ms MarkObjects: 3.739900 ms  DeleteObjects: 0.169000 ms)

========================================================================
Received Import Request.
  Time since last request: 1535.138366 seconds.
  path: Assets/Resources
  artifactKey: Guid(3de41786b823c4444bcd80f5a0e55b6e) Importer(815301076,1909f56bfc062723c751e8b465ee728b)
Start importing Assets/Resources using Guid(3de41786b823c4444bcd80f5a0e55b6e) Importer(815301076,1909f56bfc062723c751e8b465ee728b)  -> (artifact id: '3ad2e263fe052f2fb501ef3a5d1b2383') in 0.013934 seconds 
========================================================================
Received Import Request.
  Time since last request: 9.694574 seconds.
  path: Assets/Resourses
  artifactKey: Guid(3de41786b823c4444bcd80f5a0e55b6e) Importer(815301076,1909f56bfc062723c751e8b465ee728b)
Start importing Assets/Resourses using Guid(3de41786b823c4444bcd80f5a0e55b6e) Importer(815301076,1909f56bfc062723c751e8b465ee728b)  -> (artifact id: 'b60e8c22720cf0bc7c52e53d01111dc2') in 0.008592 seconds 
========================================================================
Received Prepare
Registering precompiled user dll's ...
Registered in 0.009384 seconds.
Begin MonoManager ReloadAssembly
Native extension for WindowsStandalone target not found
Refreshing native plugins compatible for Editor in 1.31 ms, found 2 plugins.
Preloading 0 native plugins for Editor in 0.00 ms.
Mono: successfully reloaded assembly
- Completed reload, in  1.465 seconds
Platform modules already initialized, skipping
Refreshing native plugins compatible for Editor in 0.82 ms, found 2 plugins.
Preloading 0 native plugins for Editor in 0.00 ms.
Unloading 3375 Unused Serialized files (Serialized files now loaded: 0)
System memory in use before: 132.0 MB.
System memory in use after: 132.1 MB.

Unloading 17 unused Assets to reduce memory usage. Loaded Objects now: 3881.
Total: 4.012100 ms (FindLiveObjects: 0.391600 ms CreateObjectMapping: 0.129200 ms MarkObjects: 3.332100 ms  DeleteObjects: 0.157000 ms)

========================================================================
Received Prepare
Registering precompiled user dll's ...
Registered in 0.006926 seconds.
Begin MonoManager ReloadAssembly
Native extension for WindowsStandalone target not found
Refreshing native plugins compatible for Editor in 1.46 ms, found 2 plugins.
Preloading 0 native plugins for Editor in 0.00 ms.
Mono: successfully reloaded assembly
- Completed reload, in  1.591 seconds
Platform modules already initialized, skipping
Refreshing native plugins compatible for Editor in 0.83 ms, found 2 plugins.
Preloading 0 native plugins for Editor in 0.00 ms.
Unloading 3375 Unused Serialized files (Serialized files now loaded: 0)
System memory in use before: 132.0 MB.
System memory in use after: 132.1 MB.

Unloading 17 unused Assets to reduce memory usage. Loaded Objects now: 3885.
Total: 3.532100 ms (FindLiveObjects: 0.383000 ms CreateObjectMapping: 0.125000 ms MarkObjects: 2.877700 ms  DeleteObjects: 0.144400 ms)

========================================================================
Received Prepare
Registering precompiled user dll's ...
Registered in 0.007183 seconds.
Begin MonoManager ReloadAssembly
Native extension for WindowsStandalone target not found
Refreshing native plugins compatible for Editor in 1.04 ms, found 2 plugins.
Preloading 0 native plugins for Editor in 0.00 ms.
Mono: successfully reloaded assembly
- Completed reload, in  1.501 seconds
Platform modules already initialized, skipping
Refreshing native plugins compatible for Editor in 0.80 ms, found 2 plugins.
Preloading 0 native plugins for Editor in 0.00 ms.
Unloading 3375 Unused Serialized files (Serialized files now loaded: 0)
System memory in use before: 132.0 MB.
System memory in use after: 132.1 MB.

Unloading 17 unused Assets to reduce memory usage. Loaded Objects now: 3889.
Total: 3.597400 ms (FindLiveObjects: 0.349000 ms CreateObjectMapping: 0.095500 ms MarkObjects: 2.991900 ms  DeleteObjects: 0.159200 ms)

========================================================================
Received Prepare
Registering precompiled user dll's ...
Registered in 0.006547 seconds.
Begin MonoManager ReloadAssembly
Native extension for WindowsStandalone target not found
Refreshing native plugins compatible for Editor in 0.84 ms, found 2 plugins.
Preloading 0 native plugins for Editor in 0.00 ms.
Mono: successfully reloaded assembly
- Completed reload, in  1.387 seconds
Platform modules already initialized, skipping
Refreshing native plugins compatible for Editor in 0.80 ms, found 2 plugins.
Preloading 0 native plugins for Editor in 0.00 ms.
Unloading 3375 Unused Serialized files (Serialized files now loaded: 0)
System memory in use before: 132.0 MB.
System memory in use after: 132.1 MB.

Unloading 17 unused Assets to reduce memory usage. Loaded Objects now: 3893.
Total: 4.078200 ms (FindLiveObjects: 0.426300 ms CreateObjectMapping: 0.199600 ms MarkObjects: 3.308700 ms  DeleteObjects: 0.142200 ms)

========================================================================
Received Prepare
Registering precompiled user dll's ...
Registered in 0.007732 seconds.
Begin MonoManager ReloadAssembly
Native extension for WindowsStandalone target not found
Refreshing native plugins compatible for Editor in 1.24 ms, found 2 plugins.
Preloading 0 native plugins for Editor in 0.00 ms.
Mono: successfully reloaded assembly
- Completed reload, in  1.499 seconds
Platform modules already initialized, skipping
Refreshing native plugins compatible for Editor in 0.84 ms, found 2 plugins.
Preloading 0 native plugins for Editor in 0.00 ms.
Unloading 3375 Unused Serialized files (Serialized files now loaded: 0)
System memory in use before: 132.0 MB.
System memory in use after: 132.1 MB.

Unloading 17 unused Assets to reduce memory usage. Loaded Objects now: 3897.
Total: 4.265100 ms (FindLiveObjects: 0.401000 ms CreateObjectMapping: 0.166300 ms MarkObjects: 3.539800 ms  DeleteObjects: 0.156100 ms)

========================================================================
Received Import Request.
  Time since last request: 753.260131 seconds.
  path: Assets/Prefabs/Player.prefab
  artifactKey: Guid(53485cf735f108a42bcba7da2dd322e5) Importer(815301076,1909f56bfc062723c751e8b465ee728b)
Start importing Assets/Prefabs/Player.prefab using Guid(53485cf735f108a42bcba7da2dd322e5) Importer(815301076,1909f56bfc062723c751e8b465ee728b)  -> (artifact id: '160ea822865918dbedcb659c1ed4ae6b') in 0.044780 seconds 
========================================================================
Received Prepare
Registering precompiled user dll's ...
Registered in 0.006884 seconds.
Begin MonoManager ReloadAssembly
Native extension for WindowsStandalone target not found
Refreshing native plugins compatible for Editor in 0.81 ms, found 2 plugins.
Preloading 0 native plugins for Editor in 0.00 ms.
Mono: successfully reloaded assembly
- Completed reload, in  1.543 seconds
Platform modules already initialized, skipping
Refreshing native plugins compatible for Editor in 0.79 ms, found 2 plugins.
Preloading 0 native plugins for Editor in 0.00 ms.
Unloading 3375 Unused Serialized files (Serialized files now loaded: 0)
System memory in use before: 132.0 MB.
System memory in use after: 132.1 MB.

Unloading 17 unused Assets to reduce memory usage. Loaded Objects now: 3901.
Total: 4.176300 ms (FindLiveObjects: 0.407000 ms CreateObjectMapping: 0.128300 ms MarkObjects: 3.477000 ms  DeleteObjects: 0.161400 ms)

========================================================================
Received Prepare
Registering precompiled user dll's ...
Registered in 0.007884 seconds.
Begin MonoManager ReloadAssembly
Native extension for WindowsStandalone target not found
Refreshing native plugins compatible for Editor in 0.83 ms, found 2 plugins.
Preloading 0 native plugins for Editor in 0.00 ms.
Mono: successfully reloaded assembly
- Completed reload, in  1.365 seconds
Platform modules already initialized, skipping
Refreshing native plugins compatible for Editor in 0.80 ms, found 2 plugins.
Preloading 0 native plugins for Editor in 0.00 ms.
Unloading 3375 Unused Serialized files (Serialized files now loaded: 0)
System memory in use before: 132.0 MB.
System memory in use after: 132.1 MB.

Unloading 17 unused Assets to reduce memory usage. Loaded Objects now: 3905.
Total: 4.386600 ms (FindLiveObjects: 0.423300 ms CreateObjectMapping: 0.157300 ms MarkObjects: 3.641200 ms  DeleteObjects: 0.162500 ms)

========================================================================
Received Prepare
Registering precompiled user dll's ...
Registered in 0.007417 seconds.
Begin MonoManager ReloadAssembly
Native extension for WindowsStandalone target not found
Refreshing native plugins compatible for Editor in 0.84 ms, found 2 plugins.
Preloading 0 native plugins for Editor in 0.00 ms.
Mono: successfully reloaded assembly
- Completed reload, in  1.480 seconds
Platform modules already initialized, skipping
Refreshing native plugins compatible for Editor in 0.83 ms, found 2 plugins.
Preloading 0 native plugins for Editor in 0.00 ms.
Unloading 3375 Unused Serialized files (Serialized files now loaded: 0)
System memory in use before: 132.0 MB.
System memory in use after: 132.1 MB.

Unloading 17 unused Assets to reduce memory usage. Loaded Objects now: 3909.
Total: 4.259400 ms (FindLiveObjects: 0.412300 ms CreateObjectMapping: 0.135600 ms MarkObjects: 3.535800 ms  DeleteObjects: 0.173500 ms)

========================================================================
Received Prepare
Registering precompiled user dll's ...
Registered in 0.006801 seconds.
Begin MonoManager ReloadAssembly
Native extension for WindowsStandalone target not found
Refreshing native plugins compatible for Editor in 1.08 ms, found 2 plugins.
Preloading 0 native plugins for Editor in 0.00 ms.
Mono: successfully reloaded assembly
- Completed reload, in  1.395 seconds
Platform modules already initialized, skipping
Refreshing native plugins compatible for Editor in 0.80 ms, found 2 plugins.
Preloading 0 native plugins for Editor in 0.00 ms.
Unloading 3375 Unused Serialized files (Serialized files now loaded: 0)
System memory in use before: 132.1 MB.
System memory in use after: 132.2 MB.

Unloading 17 unused Assets to reduce memory usage. Loaded Objects now: 3913.
Total: 4.595200 ms (FindLiveObjects: 0.473200 ms CreateObjectMapping: 0.162500 ms MarkObjects: 3.774800 ms  DeleteObjects: 0.182800 ms)

========================================================================
Received Import Request.
  Time since last request: 243.952976 seconds.
  path: Assets/Prefabs/Player.prefab
  artifactKey: Guid(53485cf735f108a42bcba7da2dd322e5) Importer(815301076,1909f56bfc062723c751e8b465ee728b)
Start importing Assets/Prefabs/Player.prefab using Guid(53485cf735f108a42bcba7da2dd322e5) Importer(815301076,1909f56bfc062723c751e8b465ee728b)  -> (artifact id: 'e9575ecea432e41a4c4882494d66e750') in 0.105061 seconds 
========================================================================
Received Prepare
Registering precompiled user dll's ...
Registered in 0.007109 seconds.
Begin MonoManager ReloadAssembly
Native extension for WindowsStandalone target not found
Refreshing native plugins compatible for Editor in 0.80 ms, found 2 plugins.
Preloading 0 native plugins for Editor in 0.00 ms.
Mono: successfully reloaded assembly
- Completed reload, in  1.377 seconds
Platform modules already initialized, skipping
Refreshing native plugins compatible for Editor in 0.81 ms, found 2 plugins.
Preloading 0 native plugins for Editor in 0.00 ms.
Unloading 3375 Unused Serialized files (Serialized files now loaded: 0)
System memory in use before: 132.1 MB.
System memory in use after: 132.2 MB.

Unloading 17 unused Assets to reduce memory usage. Loaded Objects now: 3918.
Total: 3.827900 ms (FindLiveObjects: 0.388100 ms CreateObjectMapping: 0.218900 ms MarkObjects: 3.070800 ms  DeleteObjects: 0.148200 ms)

========================================================================
Received Prepare
Registering precompiled user dll's ...
Registered in 0.008095 seconds.
Begin MonoManager ReloadAssembly
Native extension for WindowsStandalone target not found
Refreshing native plugins compatible for Editor in 0.81 ms, found 2 plugins.
Preloading 0 native plugins for Editor in 0.00 ms.
Mono: successfully reloaded assembly
- Completed reload, in  1.396 seconds
Platform modules already initialized, skipping
Refreshing native plugins compatible for Editor in 0.83 ms, found 2 plugins.
Preloading 0 native plugins for Editor in 0.00 ms.
Unloading 3375 Unused Serialized files (Serialized files now loaded: 0)
System memory in use before: 132.1 MB.
System memory in use after: 132.2 MB.

Unloading 17 unused Assets to reduce memory usage. Loaded Objects now: 3922.
Total: 4.446000 ms (FindLiveObjects: 0.532300 ms CreateObjectMapping: 0.288900 ms MarkObjects: 3.481200 ms  DeleteObjects: 0.140900 ms)

========================================================================
Received Prepare
Refreshing native plugins compatible for Editor in 6.28 ms, found 2 plugins.
Preloading 0 native plugins for Editor in 0.00 ms.
Unloading 15 Unused Serialized files (Serialized files now loaded: 0)
System memory in use before: 65.6 MB.
System memory in use after: 65.7 MB.

Unloading 15 unused Assets to reduce memory usage. Loaded Objects now: 3922.
Total: 3.726900 ms (FindLiveObjects: 0.442700 ms CreateObjectMapping: 0.127200 ms MarkObjects: 3.002800 ms  DeleteObjects: 0.153200 ms)

========================================================================
Received Prepare
Refreshing native plugins compatible for Editor in 6.20 ms, found 2 plugins.
Preloading 0 native plugins for Editor in 0.00 ms.
Unloading 15 Unused Serialized files (Serialized files now loaded: 0)
System memory in use before: 65.6 MB.
System memory in use after: 65.7 MB.

Unloading 15 unused Assets to reduce memory usage. Loaded Objects now: 3922.
Total: 3.391800 ms (FindLiveObjects: 0.268600 ms CreateObjectMapping: 0.112200 ms MarkObjects: 2.865900 ms  DeleteObjects: 0.143500 ms)

========================================================================
Received Import Request.
  Time since last request: 489.198593 seconds.
  path: Assets/Scenes/Death_Scene.unity
  artifactKey: Guid(0ea104e20df848044841437383cfd862) Importer(815301076,1909f56bfc062723c751e8b465ee728b)
Start importing Assets/Scenes/Death_Scene.unity using Guid(0ea104e20df848044841437383cfd862) Importer(815301076,1909f56bfc062723c751e8b465ee728b)  -> (artifact id: '8fdf52e8c10f30f7bb3887104b3722da') in 0.029195 seconds 
========================================================================
Received Prepare
Refreshing native plugins compatible for Editor in 6.94 ms, found 2 plugins.
Preloading 0 native plugins for Editor in 0.00 ms.
Unloading 15 Unused Serialized files (Serialized files now loaded: 0)
System memory in use before: 65.6 MB.
System memory in use after: 65.7 MB.

Unloading 15 unused Assets to reduce memory usage. Loaded Objects now: 3922.
Total: 4.365700 ms (FindLiveObjects: 0.375400 ms CreateObjectMapping: 0.122400 ms MarkObjects: 3.719700 ms  DeleteObjects: 0.146900 ms)

========================================================================
Received Prepare
Refreshing native plugins compatible for Editor in 7.51 ms, found 2 plugins.
Preloading 0 native plugins for Editor in 0.00 ms.
Unloading 15 Unused Serialized files (Serialized files now loaded: 0)
System memory in use before: 65.6 MB.
System memory in use after: 65.7 MB.

Unloading 15 unused Assets to reduce memory usage. Loaded Objects now: 3922.
Total: 3.951300 ms (FindLiveObjects: 0.347100 ms CreateObjectMapping: 0.103000 ms MarkObjects: 3.344900 ms  DeleteObjects: 0.154900 ms)

========================================================================
Received Prepare
Refreshing native plugins compatible for Editor in 7.04 ms, found 2 plugins.
Preloading 0 native plugins for Editor in 0.00 ms.
Unloading 15 Unused Serialized files (Serialized files now loaded: 0)
System memory in use before: 65.6 MB.
System memory in use after: 65.7 MB.

Unloading 15 unused Assets to reduce memory usage. Loaded Objects now: 3922.
Total: 4.839600 ms (FindLiveObjects: 0.731200 ms CreateObjectMapping: 0.235000 ms MarkObjects: 3.720800 ms  DeleteObjects: 0.150100 ms)

AssetImportWorkerClient::OnTransportError - code=2 error=End of file
